<?xml version="1.0" encoding="UTF-8"?>
<!-- Generated by org.testng.reporters.JUnitReportReporter -->
<testsuite hostname="Asus" failures="0" tests="1" name="Tests.ProfileUpdateTestCases" time="7.691" errors="0" timestamp="2024-11-08T18:00:51 IST" skipped="0">
  <testcase classname="Tests.ProfileUpdateTestCases" name="updateProfileTest1" time="7.691"/>
</testsuite> <!-- Tests.ProfileUpdateTestCases -->
