<?xml version="1.0" encoding="UTF-8"?>
<!-- Generated by org.testng.reporters.JUnitReportReporter -->
<testsuite hostname="Asus" failures="0" tests="2" name="Tests.ProfileUpdateTestCases" time="22.942" errors="0" timestamp="2024-11-18T12:38:08 IST" skipped="0">
  <testcase classname="Tests.ProfileUpdateTestCases" name="updateProfileTest1" time="11.724"/>
  <testcase classname="Tests.ProfileUpdateTestCases" name="updateProfileTest2" time="11.218"/>
</testsuite> <!-- Tests.ProfileUpdateTestCases -->
