<?xml version="1.0" encoding="UTF-8"?>
<!-- Generated by org.testng.reporters.JUnitReportReporter -->
<testsuite hostname="Asus" failures="0" tests="2" name="Tests.ProfileUpdateTestCases" time="10.285" errors="0" timestamp="2024-11-09T15:52:56 IST" skipped="1">
  <testcase classname="Tests.ProfileUpdateTestCases" name="updateProfileTest1" time="10.285"/>
  <testcase classname="Tests.ProfileUpdateTestCases" name="updateProfileTest2">
    <skipped/>
  </testcase> <!-- updateProfileTest2 -->
</testsuite> <!-- Tests.ProfileUpdateTestCases -->
